2024-02-12 22:26:28 [Peer ID: 12D3KooWBwmivanLWZHZBcqL7q2bUsLH3syafK9kdJBNvdppTYvC | Jobs: 0]: 2024-02-12 22:26:28 | 12D3KooWBwmivanLWZHZBcqL7q2bUsLH3syafK9kdJBNvdppTYvCRouting table updated with peer: PeerId("12D3KooWF8V5ZGSCyWmgamaMAoqsrJjFzTS5d5nDQtV4P7zQ6395")
2024-02-12 22:26:28 [Peer ID: 12D3KooWJEHETSTmYjPP8NN4TV1vHJUgPKWKgVCxDebCUYBEaed2 | Jobs: 0]: 2024-02-12 22:26:28 | 12D3KooWJEHETSTmYjPP8NN4TV1vHJUgPKWKgVCxDebCUYBEaed2Routing table updated with peer: PeerId("12D3KooWF8V5ZGSCyWmgamaMAoqsrJjFzTS5d5nDQtV4P7zQ6395")
2024-02-12 22:26:28 [Peer ID: 12D3KooWGMfk8Nsf2sgxjyxq3m2GCR15kYtxBYBqiZwmUQSvWqa9 | Jobs: 0]: 2024-02-12 22:26:28 | 12D3KooWGMfk8Nsf2sgxjyxq3m2GCR15kYtxBYBqiZwmUQSvWqa9Routing table updated with peer: PeerId("12D3KooWF8V5ZGSCyWmgamaMAoqsrJjFzTS5d5nDQtV4P7zQ6395")
2024-02-12 22:26:28 [Peer ID: 12D3KooWPd8YzebxaSAe6VXyojSbce1xUXPotBY1H9mJquE9N5ta | Jobs: 0]: 2024-02-12 22:26:28 | 12D3KooWPd8YzebxaSAe6VXyojSbce1xUXPotBY1H9mJquE9N5taRouting table updated with peer: PeerId("12D3KooWF8V5ZGSCyWmgamaMAoqsrJjFzTS5d5nDQtV4P7zQ6395")
2024-02-12 22:26:28 [Peer ID: 12D3KooWECfsUKpMwSBPz5uT1765fea4QBM1KaC9mwkgGTkmTxdW | Jobs: 0]: 2024-02-12 22:26:28 | 12D3KooWECfsUKpMwSBPz5uT1765fea4QBM1KaC9mwkgGTkmTxdWRouting table updated with peer: PeerId("12D3KooWF8V5ZGSCyWmgamaMAoqsrJjFzTS5d5nDQtV4P7zQ6395")
2024-02-12 22:26:28 [Peer ID: 12D3KooWBwmivanLWZHZBcqL7q2bUsLH3syafK9kdJBNvdppTYvC | Jobs: 0]: 2024-02-12 22:26:28 | 12D3KooWBwmivanLWZHZBcqL7q2bUsLH3syafK9kdJBNvdppTYvCRouting table updated with peer: PeerId("12D3KooWCHtivNtQrjo9joMLfJJSXdLXbN8YYPn2eqYKBXJjx22k")
2024-02-12 22:26:28 [Peer ID: 12D3KooWJEHETSTmYjPP8NN4TV1vHJUgPKWKgVCxDebCUYBEaed2 | Jobs: 0]: 2024-02-12 22:26:28 | 12D3KooWJEHETSTmYjPP8NN4TV1vHJUgPKWKgVCxDebCUYBEaed2Routing table updated with peer: PeerId("12D3KooWCHtivNtQrjo9joMLfJJSXdLXbN8YYPn2eqYKBXJjx22k")
2024-02-12 22:26:28 [Peer ID: 12D3KooWGMfk8Nsf2sgxjyxq3m2GCR15kYtxBYBqiZwmUQSvWqa9 | Jobs: 0]: 2024-02-12 22:26:28 | 12D3KooWGMfk8Nsf2sgxjyxq3m2GCR15kYtxBYBqiZwmUQSvWqa9Routing table updated with peer: PeerId("12D3KooWCHtivNtQrjo9joMLfJJSXdLXbN8YYPn2eqYKBXJjx22k")
2024-02-12 22:26:28 [Peer ID: 12D3KooWPd8YzebxaSAe6VXyojSbce1xUXPotBY1H9mJquE9N5ta | Jobs: 0]: 2024-02-12 22:26:28 | 12D3KooWPd8YzebxaSAe6VXyojSbce1xUXPotBY1H9mJquE9N5taRouting table updated with peer: PeerId("12D3KooWCHtivNtQrjo9joMLfJJSXdLXbN8YYPn2eqYKBXJjx22k")
2024-02-12 22:26:28 [Peer ID: 12D3KooWECfsUKpMwSBPz5uT1765fea4QBM1KaC9mwkgGTkmTxdW | Jobs: 0]: 2024-02-12 22:26:28 | 12D3KooWECfsUKpMwSBPz5uT1765fea4QBM1KaC9mwkgGTkmTxdWRouting table updated with peer: PeerId("12D3KooWCHtivNtQrjo9joMLfJJSXdLXbN8YYPn2eqYKBXJjx22k")
2024-02-12 22:26:28 [Peer ID: 12D3KooWBwmivanLWZHZBcqL7q2bUsLH3syafK9kdJBNvdppTYvC | Jobs: 0]: 2024-02-12 22:26:28 | 12D3KooWBwmivanLWZHZBcqL7q2bUsLH3syafK9kdJBNvdppTYvCRouting table updated with peer: PeerId("12D3KooWSrYwD8ue7rncGYhWV1AFZr6tp5bm3ym69MLHR3CfPQti")
2024-02-12 22:26:28 [Peer ID: 12D3KooWJEHETSTmYjPP8NN4TV1vHJUgPKWKgVCxDebCUYBEaed2 | Jobs: 0]: 2024-02-12 22:26:28 | 12D3KooWJEHETSTmYjPP8NN4TV1vHJUgPKWKgVCxDebCUYBEaed2Routing table updated with peer: PeerId("12D3KooWSrYwD8ue7rncGYhWV1AFZr6tp5bm3ym69MLHR3CfPQti")
2024-02-12 22:26:28 [Peer ID: 12D3KooWGMfk8Nsf2sgxjyxq3m2GCR15kYtxBYBqiZwmUQSvWqa9 | Jobs: 0]: 2024-02-12 22:26:28 | 12D3KooWGMfk8Nsf2sgxjyxq3m2GCR15kYtxBYBqiZwmUQSvWqa9Routing table updated with peer: PeerId("12D3KooWSrYwD8ue7rncGYhWV1AFZr6tp5bm3ym69MLHR3CfPQti")
2024-02-12 22:26:28 [Peer ID: 12D3KooWPd8YzebxaSAe6VXyojSbce1xUXPotBY1H9mJquE9N5ta | Jobs: 0]: 2024-02-12 22:26:28 | 12D3KooWPd8YzebxaSAe6VXyojSbce1xUXPotBY1H9mJquE9N5taRouting table updated with peer: PeerId("12D3KooWSrYwD8ue7rncGYhWV1AFZr6tp5bm3ym69MLHR3CfPQti")
2024-02-12 22:26:28 [Peer ID: 12D3KooWECfsUKpMwSBPz5uT1765fea4QBM1KaC9mwkgGTkmTxdW | Jobs: 0]: 2024-02-12 22:26:28 | 12D3KooWECfsUKpMwSBPz5uT1765fea4QBM1KaC9mwkgGTkmTxdWRouting table updated with peer: PeerId("12D3KooWSrYwD8ue7rncGYhWV1AFZr6tp5bm3ym69MLHR3CfPQti")
2024-02-12 22:26:28 [Peer ID: 12D3KooWBwmivanLWZHZBcqL7q2bUsLH3syafK9kdJBNvdppTYvC | Jobs: 0]: 2024-02-12 22:26:28 | 12D3KooWBwmivanLWZHZBcqL7q2bUsLH3syafK9kdJBNvdppTYvCRouting table updated with peer: PeerId("12D3KooWMy9HNvNiYCdqvimm5TZXYCKuRf1vTjCANsYTqwntGf6o")
2024-02-12 22:26:28 [Peer ID: 12D3KooWJEHETSTmYjPP8NN4TV1vHJUgPKWKgVCxDebCUYBEaed2 | Jobs: 0]: 2024-02-12 22:26:28 | 12D3KooWJEHETSTmYjPP8NN4TV1vHJUgPKWKgVCxDebCUYBEaed2Routing table updated with peer: PeerId("12D3KooWMy9HNvNiYCdqvimm5TZXYCKuRf1vTjCANsYTqwntGf6o")
2024-02-12 22:26:28 [Peer ID: 12D3KooWGMfk8Nsf2sgxjyxq3m2GCR15kYtxBYBqiZwmUQSvWqa9 | Jobs: 0]: 2024-02-12 22:26:28 | 12D3KooWGMfk8Nsf2sgxjyxq3m2GCR15kYtxBYBqiZwmUQSvWqa9Routing table updated with peer: PeerId("12D3KooWMy9HNvNiYCdqvimm5TZXYCKuRf1vTjCANsYTqwntGf6o")
2024-02-12 22:26:28 [Peer ID: 12D3KooWPd8YzebxaSAe6VXyojSbce1xUXPotBY1H9mJquE9N5ta | Jobs: 0]: 2024-02-12 22:26:28 | 12D3KooWPd8YzebxaSAe6VXyojSbce1xUXPotBY1H9mJquE9N5taRouting table updated with peer: PeerId("12D3KooWMy9HNvNiYCdqvimm5TZXYCKuRf1vTjCANsYTqwntGf6o")
2024-02-12 22:26:28 [Peer ID: 12D3KooWECfsUKpMwSBPz5uT1765fea4QBM1KaC9mwkgGTkmTxdW | Jobs: 0]: 2024-02-12 22:26:28 | 12D3KooWECfsUKpMwSBPz5uT1765fea4QBM1KaC9mwkgGTkmTxdWRouting table updated with peer: PeerId("12D3KooWMy9HNvNiYCdqvimm5TZXYCKuRf1vTjCANsYTqwntGf6o")
2024-02-12 22:26:28 [Peer ID: 12D3KooWGMfk8Nsf2sgxjyxq3m2GCR15kYtxBYBqiZwmUQSvWqa9 | Jobs: 0]: Listening on "/ip4/127.0.0.1/tcp/4008"
2024-02-12 22:26:28 [Peer ID: 12D3KooWBwmivanLWZHZBcqL7q2bUsLH3syafK9kdJBNvdppTYvC | Jobs: 0]: Listening on "/ip4/127.0.0.1/tcp/4010"
2024-02-12 22:26:28 [Peer ID: 12D3KooWJEHETSTmYjPP8NN4TV1vHJUgPKWKgVCxDebCUYBEaed2 | Jobs: 0]: Listening on "/ip4/127.0.0.1/tcp/4012"
2024-02-12 22:26:28 [Peer ID: 12D3KooWECfsUKpMwSBPz5uT1765fea4QBM1KaC9mwkgGTkmTxdW | Jobs: 0]: Listening on "/ip4/127.0.0.1/tcp/4004"
2024-02-12 22:26:28 [Peer ID: 12D3KooWPd8YzebxaSAe6VXyojSbce1xUXPotBY1H9mJquE9N5ta | Jobs: 0]: Listening on "/ip4/127.0.0.1/tcp/4005"
2024-02-12 22:26:28 [Peer ID: 12D3KooWSxPHNAEH9xRRDJNo6Waqud1uyJ1weYMWhy8aASyQ8G6J | Jobs: 0]: 2024-02-12 22:26:28 | 12D3KooWSxPHNAEH9xRRDJNo6Waqud1uyJ1weYMWhy8aASyQ8G6JRouting table updated with peer: PeerId("12D3KooWF8V5ZGSCyWmgamaMAoqsrJjFzTS5d5nDQtV4P7zQ6395")
2024-02-12 22:26:28 [Peer ID: 12D3KooWSxPHNAEH9xRRDJNo6Waqud1uyJ1weYMWhy8aASyQ8G6J | Jobs: 0]: 2024-02-12 22:26:28 | 12D3KooWSxPHNAEH9xRRDJNo6Waqud1uyJ1weYMWhy8aASyQ8G6JRouting table updated with peer: PeerId("12D3KooWCHtivNtQrjo9joMLfJJSXdLXbN8YYPn2eqYKBXJjx22k")
2024-02-12 22:26:28 [Peer ID: 12D3KooWSxPHNAEH9xRRDJNo6Waqud1uyJ1weYMWhy8aASyQ8G6J | Jobs: 0]: 2024-02-12 22:26:28 | 12D3KooWSxPHNAEH9xRRDJNo6Waqud1uyJ1weYMWhy8aASyQ8G6JRouting table updated with peer: PeerId("12D3KooWSrYwD8ue7rncGYhWV1AFZr6tp5bm3ym69MLHR3CfPQti")
2024-02-12 22:26:28 [Peer ID: 12D3KooWSxPHNAEH9xRRDJNo6Waqud1uyJ1weYMWhy8aASyQ8G6J | Jobs: 0]: 2024-02-12 22:26:28 | 12D3KooWSxPHNAEH9xRRDJNo6Waqud1uyJ1weYMWhy8aASyQ8G6JRouting table updated with peer: PeerId("12D3KooWMy9HNvNiYCdqvimm5TZXYCKuRf1vTjCANsYTqwntGf6o")
2024-02-12 22:26:28 [Peer ID: 12D3KooWSxPHNAEH9xRRDJNo6Waqud1uyJ1weYMWhy8aASyQ8G6J | Jobs: 0]: Listening on "/ip4/127.0.0.1/tcp/4007"
2024-02-12 22:26:28 [Peer ID: 12D3KooWAMom6cd8c8LYVUzfT8JBeFf145T2epBUjVmkQeF73uhW | Jobs: 0]: 2024-02-12 22:26:28 | 12D3KooWAMom6cd8c8LYVUzfT8JBeFf145T2epBUjVmkQeF73uhWRouting table updated with peer: PeerId("12D3KooWF8V5ZGSCyWmgamaMAoqsrJjFzTS5d5nDQtV4P7zQ6395")
2024-02-12 22:26:28 [Peer ID: 12D3KooWAMom6cd8c8LYVUzfT8JBeFf145T2epBUjVmkQeF73uhW | Jobs: 0]: 2024-02-12 22:26:28 | 12D3KooWAMom6cd8c8LYVUzfT8JBeFf145T2epBUjVmkQeF73uhWRouting table updated with peer: PeerId("12D3KooWCHtivNtQrjo9joMLfJJSXdLXbN8YYPn2eqYKBXJjx22k")
2024-02-12 22:26:28 [Peer ID: 12D3KooWAMom6cd8c8LYVUzfT8JBeFf145T2epBUjVmkQeF73uhW | Jobs: 0]: 2024-02-12 22:26:28 | 12D3KooWAMom6cd8c8LYVUzfT8JBeFf145T2epBUjVmkQeF73uhWRouting table updated with peer: PeerId("12D3KooWSrYwD8ue7rncGYhWV1AFZr6tp5bm3ym69MLHR3CfPQti")
2024-02-12 22:26:28 [Peer ID: 12D3KooWAMom6cd8c8LYVUzfT8JBeFf145T2epBUjVmkQeF73uhW | Jobs: 0]: 2024-02-12 22:26:28 | 12D3KooWAMom6cd8c8LYVUzfT8JBeFf145T2epBUjVmkQeF73uhWRouting table updated with peer: PeerId("12D3KooWMy9HNvNiYCdqvimm5TZXYCKuRf1vTjCANsYTqwntGf6o")
2024-02-12 22:26:28 [Peer ID: 12D3KooWAMom6cd8c8LYVUzfT8JBeFf145T2epBUjVmkQeF73uhW | Jobs: 0]: Listening on "/ip4/127.0.0.1/tcp/4009"
2024-02-12 22:26:28 [Peer ID: 12D3KooWFUHj8uk9aJth1VWiwArmwNyts4JWoyxRjHmBqAytbnhS | Jobs: 0]: 2024-02-12 22:26:28 | 12D3KooWFUHj8uk9aJth1VWiwArmwNyts4JWoyxRjHmBqAytbnhSRouting table updated with peer: PeerId("12D3KooWF8V5ZGSCyWmgamaMAoqsrJjFzTS5d5nDQtV4P7zQ6395")
2024-02-12 22:26:28 [Peer ID: 12D3KooWFUHj8uk9aJth1VWiwArmwNyts4JWoyxRjHmBqAytbnhS | Jobs: 0]: 2024-02-12 22:26:28 | 12D3KooWFUHj8uk9aJth1VWiwArmwNyts4JWoyxRjHmBqAytbnhSRouting table updated with peer: PeerId("12D3KooWCHtivNtQrjo9joMLfJJSXdLXbN8YYPn2eqYKBXJjx22k")
2024-02-12 22:26:28 [Peer ID: 12D3KooWFUHj8uk9aJth1VWiwArmwNyts4JWoyxRjHmBqAytbnhS | Jobs: 0]: 2024-02-12 22:26:28 | 12D3KooWFUHj8uk9aJth1VWiwArmwNyts4JWoyxRjHmBqAytbnhSRouting table updated with peer: PeerId("12D3KooWSrYwD8ue7rncGYhWV1AFZr6tp5bm3ym69MLHR3CfPQti")
2024-02-12 22:26:28 [Peer ID: 12D3KooWFUHj8uk9aJth1VWiwArmwNyts4JWoyxRjHmBqAytbnhS | Jobs: 0]: 2024-02-12 22:26:28 | 12D3KooWFUHj8uk9aJth1VWiwArmwNyts4JWoyxRjHmBqAytbnhSRouting table updated with peer: PeerId("12D3KooWMy9HNvNiYCdqvimm5TZXYCKuRf1vTjCANsYTqwntGf6o")
2024-02-12 22:26:28 [Peer ID: 12D3KooWCHcVmnaJRfGKvuxibiG17v2uZDcfoUuU3k6Q934Je7cW | Jobs: 0]: 2024-02-12 22:26:28 | 12D3KooWCHcVmnaJRfGKvuxibiG17v2uZDcfoUuU3k6Q934Je7cWRouting table updated with peer: PeerId("12D3KooWF8V5ZGSCyWmgamaMAoqsrJjFzTS5d5nDQtV4P7zQ6395")
2024-02-12 22:26:28 [Peer ID: 12D3KooWCHcVmnaJRfGKvuxibiG17v2uZDcfoUuU3k6Q934Je7cW | Jobs: 0]: 2024-02-12 22:26:28 | 12D3KooWCHcVmnaJRfGKvuxibiG17v2uZDcfoUuU3k6Q934Je7cWRouting table updated with peer: PeerId("12D3KooWCHtivNtQrjo9joMLfJJSXdLXbN8YYPn2eqYKBXJjx22k")
2024-02-12 22:26:28 [Peer ID: 12D3KooWCHcVmnaJRfGKvuxibiG17v2uZDcfoUuU3k6Q934Je7cW | Jobs: 0]: 2024-02-12 22:26:28 | 12D3KooWCHcVmnaJRfGKvuxibiG17v2uZDcfoUuU3k6Q934Je7cWRouting table updated with peer: PeerId("12D3KooWSrYwD8ue7rncGYhWV1AFZr6tp5bm3ym69MLHR3CfPQti")
2024-02-12 22:26:28 [Peer ID: 12D3KooWCHcVmnaJRfGKvuxibiG17v2uZDcfoUuU3k6Q934Je7cW | Jobs: 0]: 2024-02-12 22:26:28 | 12D3KooWCHcVmnaJRfGKvuxibiG17v2uZDcfoUuU3k6Q934Je7cWRouting table updated with peer: PeerId("12D3KooWMy9HNvNiYCdqvimm5TZXYCKuRf1vTjCANsYTqwntGf6o")
2024-02-12 22:26:28 [Peer ID: 12D3KooWFUHj8uk9aJth1VWiwArmwNyts4JWoyxRjHmBqAytbnhS | Jobs: 0]: Listening on "/ip4/127.0.0.1/tcp/4011"
2024-02-12 22:26:28 [Peer ID: 12D3KooWCHcVmnaJRfGKvuxibiG17v2uZDcfoUuU3k6Q934Je7cW | Jobs: 0]: Listening on "/ip4/127.0.0.1/tcp/4006"
2024-02-12 22:26:28 [Peer ID: 12D3KooWCHtivNtQrjo9joMLfJJSXdLXbN8YYPn2eqYKBXJjx22k | Jobs: 0]: 2024-02-12 22:26:28 | 12D3KooWCHtivNtQrjo9joMLfJJSXdLXbN8YYPn2eqYKBXJjx22kRouting table updated with peer: PeerId("12D3KooWF8V5ZGSCyWmgamaMAoqsrJjFzTS5d5nDQtV4P7zQ6395")
2024-02-12 22:26:28 [Peer ID: 12D3KooWSrYwD8ue7rncGYhWV1AFZr6tp5bm3ym69MLHR3CfPQti | Jobs: 0]: 2024-02-12 22:26:28 | 12D3KooWSrYwD8ue7rncGYhWV1AFZr6tp5bm3ym69MLHR3CfPQtiRouting table updated with peer: PeerId("12D3KooWF8V5ZGSCyWmgamaMAoqsrJjFzTS5d5nDQtV4P7zQ6395")
2024-02-12 22:26:28 [Peer ID: 12D3KooWCHtivNtQrjo9joMLfJJSXdLXbN8YYPn2eqYKBXJjx22k | Jobs: 0]: 2024-02-12 22:26:28 | 12D3KooWCHtivNtQrjo9joMLfJJSXdLXbN8YYPn2eqYKBXJjx22kRouting table updated with peer: PeerId("12D3KooWSrYwD8ue7rncGYhWV1AFZr6tp5bm3ym69MLHR3CfPQti")
2024-02-12 22:26:28 [Peer ID: 12D3KooWSrYwD8ue7rncGYhWV1AFZr6tp5bm3ym69MLHR3CfPQti | Jobs: 0]: 2024-02-12 22:26:28 | 12D3KooWSrYwD8ue7rncGYhWV1AFZr6tp5bm3ym69MLHR3CfPQtiRouting table updated with peer: PeerId("12D3KooWCHtivNtQrjo9joMLfJJSXdLXbN8YYPn2eqYKBXJjx22k")
2024-02-12 22:26:28 [Peer ID: 12D3KooWCHtivNtQrjo9joMLfJJSXdLXbN8YYPn2eqYKBXJjx22k | Jobs: 0]: 2024-02-12 22:26:28 | 12D3KooWCHtivNtQrjo9joMLfJJSXdLXbN8YYPn2eqYKBXJjx22kRouting table updated with peer: PeerId("12D3KooWMy9HNvNiYCdqvimm5TZXYCKuRf1vTjCANsYTqwntGf6o")
2024-02-12 22:26:28 [Peer ID: 12D3KooWSrYwD8ue7rncGYhWV1AFZr6tp5bm3ym69MLHR3CfPQti | Jobs: 0]: 2024-02-12 22:26:28 | 12D3KooWSrYwD8ue7rncGYhWV1AFZr6tp5bm3ym69MLHR3CfPQtiRouting table updated with peer: PeerId("12D3KooWMy9HNvNiYCdqvimm5TZXYCKuRf1vTjCANsYTqwntGf6o")
2024-02-12 22:26:28 [Peer ID: 12D3KooWCHtivNtQrjo9joMLfJJSXdLXbN8YYPn2eqYKBXJjx22k | Jobs: 0]: Listening on "/ip4/127.0.0.1/tcp/4001"
2024-02-12 22:26:28 [Peer ID: 12D3KooWSrYwD8ue7rncGYhWV1AFZr6tp5bm3ym69MLHR3CfPQti | Jobs: 0]: Listening on "/ip4/127.0.0.1/tcp/4002"
2024-02-12 22:26:28 [Peer ID: 12D3KooWF8V5ZGSCyWmgamaMAoqsrJjFzTS5d5nDQtV4P7zQ6395 | Jobs: 0]: 2024-02-12 22:26:28 | 12D3KooWF8V5ZGSCyWmgamaMAoqsrJjFzTS5d5nDQtV4P7zQ6395Routing table updated with peer: PeerId("12D3KooWCHtivNtQrjo9joMLfJJSXdLXbN8YYPn2eqYKBXJjx22k")
2024-02-12 22:26:28 [Peer ID: 12D3KooWF8V5ZGSCyWmgamaMAoqsrJjFzTS5d5nDQtV4P7zQ6395 | Jobs: 0]: 2024-02-12 22:26:28 | 12D3KooWF8V5ZGSCyWmgamaMAoqsrJjFzTS5d5nDQtV4P7zQ6395Routing table updated with peer: PeerId("12D3KooWSrYwD8ue7rncGYhWV1AFZr6tp5bm3ym69MLHR3CfPQti")
2024-02-12 22:26:28 [Peer ID: 12D3KooWF8V5ZGSCyWmgamaMAoqsrJjFzTS5d5nDQtV4P7zQ6395 | Jobs: 0]: 2024-02-12 22:26:28 | 12D3KooWF8V5ZGSCyWmgamaMAoqsrJjFzTS5d5nDQtV4P7zQ6395Routing table updated with peer: PeerId("12D3KooWMy9HNvNiYCdqvimm5TZXYCKuRf1vTjCANsYTqwntGf6o")
2024-02-12 22:26:28 [Peer ID: 12D3KooWF8V5ZGSCyWmgamaMAoqsrJjFzTS5d5nDQtV4P7zQ6395 | Jobs: 0]: Listening on "/ip4/127.0.0.1/tcp/4000"
2024-02-12 22:26:28 [Peer ID: 12D3KooWKjaoDG1LFZj2yPGHgEmyoGjJZ5GuCcAtrHyB2yfK5k8L | Jobs: 0]: 2024-02-12 22:26:28 | 12D3KooWKjaoDG1LFZj2yPGHgEmyoGjJZ5GuCcAtrHyB2yfK5k8LRouting table updated with peer: PeerId("12D3KooWF8V5ZGSCyWmgamaMAoqsrJjFzTS5d5nDQtV4P7zQ6395")
2024-02-12 22:26:28 [Peer ID: 12D3KooWKjaoDG1LFZj2yPGHgEmyoGjJZ5GuCcAtrHyB2yfK5k8L | Jobs: 0]: 2024-02-12 22:26:28 | 12D3KooWKjaoDG1LFZj2yPGHgEmyoGjJZ5GuCcAtrHyB2yfK5k8LRouting table updated with peer: PeerId("12D3KooWCHtivNtQrjo9joMLfJJSXdLXbN8YYPn2eqYKBXJjx22k")
2024-02-12 22:26:28 [Peer ID: 12D3KooWKjaoDG1LFZj2yPGHgEmyoGjJZ5GuCcAtrHyB2yfK5k8L | Jobs: 0]: 2024-02-12 22:26:28 | 12D3KooWKjaoDG1LFZj2yPGHgEmyoGjJZ5GuCcAtrHyB2yfK5k8LRouting table updated with peer: PeerId("12D3KooWSrYwD8ue7rncGYhWV1AFZr6tp5bm3ym69MLHR3CfPQti")
2024-02-12 22:26:28 [Peer ID: 12D3KooWKjaoDG1LFZj2yPGHgEmyoGjJZ5GuCcAtrHyB2yfK5k8L | Jobs: 0]: 2024-02-12 22:26:28 | 12D3KooWKjaoDG1LFZj2yPGHgEmyoGjJZ5GuCcAtrHyB2yfK5k8LRouting table updated with peer: PeerId("12D3KooWMy9HNvNiYCdqvimm5TZXYCKuRf1vTjCANsYTqwntGf6o")
2024-02-12 22:26:28 [Peer ID: 12D3KooWKjaoDG1LFZj2yPGHgEmyoGjJZ5GuCcAtrHyB2yfK5k8L | Jobs: 0]: Listening on "/ip4/127.0.0.1/tcp/4013"
2024-02-12 22:26:28 [Peer ID: 12D3KooWSrYwD8ue7rncGYhWV1AFZr6tp5bm3ym69MLHR3CfPQti | Jobs: 0]: Connection established with peer: PeerId("12D3KooWCHtivNtQrjo9joMLfJJSXdLXbN8YYPn2eqYKBXJjx22k")
2024-02-12 22:26:28 [Peer ID: 12D3KooWSrYwD8ue7rncGYhWV1AFZr6tp5bm3ym69MLHR3CfPQti | Jobs: 0]: Connection established with peer: PeerId("12D3KooWF8V5ZGSCyWmgamaMAoqsrJjFzTS5d5nDQtV4P7zQ6395")
2024-02-12 22:26:28 [Peer ID: 12D3KooWF8V5ZGSCyWmgamaMAoqsrJjFzTS5d5nDQtV4P7zQ6395 | Jobs: 0]: Connection established with peer: PeerId("12D3KooWSrYwD8ue7rncGYhWV1AFZr6tp5bm3ym69MLHR3CfPQti")
2024-02-12 22:26:28 [Peer ID: 12D3KooWCHtivNtQrjo9joMLfJJSXdLXbN8YYPn2eqYKBXJjx22k | Jobs: 0]: Connection established with peer: PeerId("12D3KooWSrYwD8ue7rncGYhWV1AFZr6tp5bm3ym69MLHR3CfPQti")
2024-02-12 22:26:28 [Peer ID: 12D3KooWCHtivNtQrjo9joMLfJJSXdLXbN8YYPn2eqYKBXJjx22k | Jobs: 0]: Connection established with peer: PeerId("12D3KooWF8V5ZGSCyWmgamaMAoqsrJjFzTS5d5nDQtV4P7zQ6395")
2024-02-12 22:26:28 [Peer ID: 12D3KooWF8V5ZGSCyWmgamaMAoqsrJjFzTS5d5nDQtV4P7zQ6395 | Jobs: 0]: Connection established with peer: PeerId("12D3KooWCHtivNtQrjo9joMLfJJSXdLXbN8YYPn2eqYKBXJjx22k")
2024-02-12 22:26:28 [Peer ID: 12D3KooWCHtivNtQrjo9joMLfJJSXdLXbN8YYPn2eqYKBXJjx22k | Jobs: 0]: Connection established with peer: PeerId("12D3KooWSrYwD8ue7rncGYhWV1AFZr6tp5bm3ym69MLHR3CfPQti")
2024-02-12 22:26:28 [Peer ID: 12D3KooWMy9HNvNiYCdqvimm5TZXYCKuRf1vTjCANsYTqwntGf6o | Jobs: 0]: 2024-02-12 22:26:28 | 12D3KooWMy9HNvNiYCdqvimm5TZXYCKuRf1vTjCANsYTqwntGf6oRouting table updated with peer: PeerId("12D3KooWF8V5ZGSCyWmgamaMAoqsrJjFzTS5d5nDQtV4P7zQ6395")
2024-02-12 22:26:28 [Peer ID: 12D3KooWMy9HNvNiYCdqvimm5TZXYCKuRf1vTjCANsYTqwntGf6o | Jobs: 0]: 2024-02-12 22:26:28 | 12D3KooWMy9HNvNiYCdqvimm5TZXYCKuRf1vTjCANsYTqwntGf6oRouting table updated with peer: PeerId("12D3KooWCHtivNtQrjo9joMLfJJSXdLXbN8YYPn2eqYKBXJjx22k")
2024-02-12 22:26:28 [Peer ID: 12D3KooWMy9HNvNiYCdqvimm5TZXYCKuRf1vTjCANsYTqwntGf6o | Jobs: 0]: 2024-02-12 22:26:28 | 12D3KooWMy9HNvNiYCdqvimm5TZXYCKuRf1vTjCANsYTqwntGf6oRouting table updated with peer: PeerId("12D3KooWSrYwD8ue7rncGYhWV1AFZr6tp5bm3ym69MLHR3CfPQti")
2024-02-12 22:26:28 [Peer ID: 12D3KooWSrYwD8ue7rncGYhWV1AFZr6tp5bm3ym69MLHR3CfPQti | Jobs: 0]: Connection established with peer: PeerId("12D3KooWCHtivNtQrjo9joMLfJJSXdLXbN8YYPn2eqYKBXJjx22k")
2024-02-12 22:26:28 [Peer ID: 12D3KooWMy9HNvNiYCdqvimm5TZXYCKuRf1vTjCANsYTqwntGf6o | Jobs: 0]: Listening on "/ip4/127.0.0.1/tcp/4003"
2024-02-12 22:26:28 [Peer ID: 12D3KooWSrYwD8ue7rncGYhWV1AFZr6tp5bm3ym69MLHR3CfPQti | Jobs: 0]: Connection established with peer: PeerId("12D3KooWF8V5ZGSCyWmgamaMAoqsrJjFzTS5d5nDQtV4P7zQ6395")
2024-02-12 22:26:28 [Peer ID: 12D3KooWF8V5ZGSCyWmgamaMAoqsrJjFzTS5d5nDQtV4P7zQ6395 | Jobs: 0]: Connection established with peer: PeerId("12D3KooWSrYwD8ue7rncGYhWV1AFZr6tp5bm3ym69MLHR3CfPQti")
2024-02-12 22:26:28 [Peer ID: 12D3KooWKjaoDG1LFZj2yPGHgEmyoGjJZ5GuCcAtrHyB2yfK5k8L | Jobs: 0]: Connection established with peer: PeerId("12D3KooWF8V5ZGSCyWmgamaMAoqsrJjFzTS5d5nDQtV4P7zQ6395")
2024-02-12 22:26:28 [Peer ID: 12D3KooWF8V5ZGSCyWmgamaMAoqsrJjFzTS5d5nDQtV4P7zQ6395 | Jobs: 0]: Connection established with peer: PeerId("12D3KooWCHtivNtQrjo9joMLfJJSXdLXbN8YYPn2eqYKBXJjx22k")
2024-02-12 22:26:28 [Peer ID: 12D3KooWF8V5ZGSCyWmgamaMAoqsrJjFzTS5d5nDQtV4P7zQ6395 | Jobs: 0]: Connection established with peer: PeerId("12D3KooWKjaoDG1LFZj2yPGHgEmyoGjJZ5GuCcAtrHyB2yfK5k8L")
2024-02-12 22:26:28 [Peer ID: 12D3KooWKjaoDG1LFZj2yPGHgEmyoGjJZ5GuCcAtrHyB2yfK5k8L | Jobs: 0]: Connection established with peer: PeerId("12D3KooWCHtivNtQrjo9joMLfJJSXdLXbN8YYPn2eqYKBXJjx22k")
2024-02-12 22:26:28 [Peer ID: 12D3KooWMy9HNvNiYCdqvimm5TZXYCKuRf1vTjCANsYTqwntGf6o | Jobs: 0]: Connection established with peer: PeerId("12D3KooWF8V5ZGSCyWmgamaMAoqsrJjFzTS5d5nDQtV4P7zQ6395")
2024-02-12 22:26:28 [Peer ID: 12D3KooWKjaoDG1LFZj2yPGHgEmyoGjJZ5GuCcAtrHyB2yfK5k8L | Jobs: 0]: Connection established with peer: PeerId("12D3KooWSrYwD8ue7rncGYhWV1AFZr6tp5bm3ym69MLHR3CfPQti")
2024-02-12 22:26:28 [Peer ID: 12D3KooWF8V5ZGSCyWmgamaMAoqsrJjFzTS5d5nDQtV4P7zQ6395 | Jobs: 0]: Connection established with peer: PeerId("12D3KooWMy9HNvNiYCdqvimm5TZXYCKuRf1vTjCANsYTqwntGf6o")
2024-02-12 22:26:28 [Peer ID: 12D3KooWCHtivNtQrjo9joMLfJJSXdLXbN8YYPn2eqYKBXJjx22k | Jobs: 0]: Connection established with peer: PeerId("12D3KooWKjaoDG1LFZj2yPGHgEmyoGjJZ5GuCcAtrHyB2yfK5k8L")
2024-02-12 22:26:28 [Peer ID: 12D3KooWCHtivNtQrjo9joMLfJJSXdLXbN8YYPn2eqYKBXJjx22k | Jobs: 0]: Connection established with peer: PeerId("12D3KooWF8V5ZGSCyWmgamaMAoqsrJjFzTS5d5nDQtV4P7zQ6395")
2024-02-12 22:26:28 [Peer ID: 12D3KooWSrYwD8ue7rncGYhWV1AFZr6tp5bm3ym69MLHR3CfPQti | Jobs: 0]: Connection established with peer: PeerId("12D3KooWKjaoDG1LFZj2yPGHgEmyoGjJZ5GuCcAtrHyB2yfK5k8L")
2024-02-12 22:26:28 [Peer ID: 12D3KooWMy9HNvNiYCdqvimm5TZXYCKuRf1vTjCANsYTqwntGf6o | Jobs: 0]: Connection established with peer: PeerId("12D3KooWCHtivNtQrjo9joMLfJJSXdLXbN8YYPn2eqYKBXJjx22k")
2024-02-12 22:26:28 [Peer ID: 12D3KooWMy9HNvNiYCdqvimm5TZXYCKuRf1vTjCANsYTqwntGf6o | Jobs: 0]: Connection established with peer: PeerId("12D3KooWSrYwD8ue7rncGYhWV1AFZr6tp5bm3ym69MLHR3CfPQti")
2024-02-12 22:26:28 [Peer ID: 12D3KooWCHtivNtQrjo9joMLfJJSXdLXbN8YYPn2eqYKBXJjx22k | Jobs: 0]: Connection established with peer: PeerId("12D3KooWMy9HNvNiYCdqvimm5TZXYCKuRf1vTjCANsYTqwntGf6o")
2024-02-12 22:26:28 [Peer ID: 12D3KooWSrYwD8ue7rncGYhWV1AFZr6tp5bm3ym69MLHR3CfPQti | Jobs: 0]: Connection established with peer: PeerId("12D3KooWMy9HNvNiYCdqvimm5TZXYCKuRf1vTjCANsYTqwntGf6o")
AddKeyExpected { key: "ma1", value: [118, 97, 108, 117, 101] }
2024-02-12 22:26:46 [Peer ID: 12D3KooWF8V5ZGSCyWmgamaMAoqsrJjFzTS5d5nDQtV4P7zQ6395 | Jobs: 0]: New Key-Value added [109, 97, 49] [118, 97, 108, 117, 101]
2024-02-12 22:26:46 [Peer ID: 12D3KooWMy9HNvNiYCdqvimm5TZXYCKuRf1vTjCANsYTqwntGf6o | Jobs: 0]: Was told about a new key [109, 97, 49]
2024-02-12 22:26:46 [Peer ID: 12D3KooWKjaoDG1LFZj2yPGHgEmyoGjJZ5GuCcAtrHyB2yfK5k8L | Jobs: 0]: Was told about a new key [109, 97, 49]
2024-02-12 22:26:46 [Peer ID: 12D3KooWSrYwD8ue7rncGYhWV1AFZr6tp5bm3ym69MLHR3CfPQti | Jobs: 0]: Was told about a new key [109, 97, 49]
2024-02-12 22:26:46 [Peer ID: 12D3KooWCHtivNtQrjo9joMLfJJSXdLXbN8YYPn2eqYKBXJjx22k | Jobs: 0]: Was told about a new key [109, 97, 49]
2024-02-12 22:26:51 [Peer ID: 12D3KooWF8V5ZGSCyWmgamaMAoqsrJjFzTS5d5nDQtV4P7zQ6395 | Jobs: 0]: Get Value was executed. Node has the object. Sending directly.
2024-02-12 22:26:51 [Peer ID: 12D3KooWCHtivNtQrjo9joMLfJJSXdLXbN8YYPn2eqYKBXJjx22k | Jobs: 0]: Get Value was executed. Node doesn't have the object. requesting 12D3KooWMy9HNvNiYCdqvimm5TZXYCKuRf1vTjCANsYTqwntGf6o
2024-02-12 22:26:51 [Peer ID: 12D3KooWSrYwD8ue7rncGYhWV1AFZr6tp5bm3ym69MLHR3CfPQti | Jobs: 0]: Get Value was executed. Node doesn't have the object. requesting 12D3KooWKjaoDG1LFZj2yPGHgEmyoGjJZ5GuCcAtrHyB2yfK5k8L
2024-02-12 22:26:51 [Peer ID: 12D3KooWMy9HNvNiYCdqvimm5TZXYCKuRf1vTjCANsYTqwntGf6o | Jobs: 0]: Get Value was executed. Node doesn't have the object. requesting 12D3KooWF8V5ZGSCyWmgamaMAoqsrJjFzTS5d5nDQtV4P7zQ6395
2024-02-12 22:26:51 [Peer ID: 12D3KooWKjaoDG1LFZj2yPGHgEmyoGjJZ5GuCcAtrHyB2yfK5k8L | Jobs: 0]: Received an object request from 12D3KooWSrYwD8ue7rncGYhWV1AFZr6tp5bm3ym69MLHR3CfPQti by 12D3KooWSrYwD8ue7rncGYhWV1AFZr6tp5bm3ym69MLHR3CfPQti for [109, 97, 49], has no job and no object
2024-02-12 22:26:51 [Peer ID: 12D3KooWKjaoDG1LFZj2yPGHgEmyoGjJZ5GuCcAtrHyB2yfK5k8L | Jobs: 0]: Forwarding the request for [109, 97, 49] (Requester 12D3KooWSrYwD8ue7rncGYhWV1AFZr6tp5bm3ym69MLHR3CfPQti) to next peer 12D3KooWSrYwD8ue7rncGYhWV1AFZr6tp5bm3ym69MLHR3CfPQti
2024-02-12 22:26:51 [Peer ID: 12D3KooWF8V5ZGSCyWmgamaMAoqsrJjFzTS5d5nDQtV4P7zQ6395 | Jobs: 0]: Get a Request Response Event ResponseSent { peer: PeerId("12D3KooWMy9HNvNiYCdqvimm5TZXYCKuRf1vTjCANsYTqwntGf6o"), request_id: InboundRequestId(1) }
2024-02-12 22:26:51 [Peer ID: 12D3KooWKjaoDG1LFZj2yPGHgEmyoGjJZ5GuCcAtrHyB2yfK5k8L | Jobs: 0]: Get a Request Response Event ResponseSent { peer: PeerId("12D3KooWSrYwD8ue7rncGYhWV1AFZr6tp5bm3ym69MLHR3CfPQti"), request_id: InboundRequestId(1) }
2024-02-12 22:26:51 [Peer ID: 12D3KooWF8V5ZGSCyWmgamaMAoqsrJjFzTS5d5nDQtV4P7zQ6395 | Jobs: 0]: Connection established with peer: PeerId("12D3KooWMy9HNvNiYCdqvimm5TZXYCKuRf1vTjCANsYTqwntGf6o")
2024-02-12 22:26:51 [Peer ID: 12D3KooWMy9HNvNiYCdqvimm5TZXYCKuRf1vTjCANsYTqwntGf6o | Jobs: 1]: Connection established with peer: PeerId("12D3KooWF8V5ZGSCyWmgamaMAoqsrJjFzTS5d5nDQtV4P7zQ6395")
2024-02-12 22:26:51 [Peer ID: 12D3KooWMy9HNvNiYCdqvimm5TZXYCKuRf1vTjCANsYTqwntGf6o | Jobs: 1]: Received an object request from 12D3KooWCHtivNtQrjo9joMLfJJSXdLXbN8YYPn2eqYKBXJjx22k by 12D3KooWCHtivNtQrjo9joMLfJJSXdLXbN8YYPn2eqYKBXJjx22k for [109, 97, 49]: Currently have a job State: Waiting. No Request Info
2024-02-12 22:26:51 [Peer ID: 12D3KooWMy9HNvNiYCdqvimm5TZXYCKuRf1vTjCANsYTqwntGf6o | Jobs: 1]: Get a Request Response Event ResponseSent { peer: PeerId("12D3KooWCHtivNtQrjo9joMLfJJSXdLXbN8YYPn2eqYKBXJjx22k"), request_id: InboundRequestId(1) }
2024-02-12 22:26:51 [Peer ID: 12D3KooWSrYwD8ue7rncGYhWV1AFZr6tp5bm3ym69MLHR3CfPQti | Jobs: 1]: Reponse Ok with ID 1
2024-02-12 22:26:51 [Peer ID: 12D3KooWMy9HNvNiYCdqvimm5TZXYCKuRf1vTjCANsYTqwntGf6o | Jobs: 1]: Reponse Ok with ID 1
2024-02-12 22:26:51 [Peer ID: 12D3KooWF8V5ZGSCyWmgamaMAoqsrJjFzTS5d5nDQtV4P7zQ6395 | Jobs: 0]: Received an object request from 12D3KooWKjaoDG1LFZj2yPGHgEmyoGjJZ5GuCcAtrHyB2yfK5k8L by 12D3KooWSrYwD8ue7rncGYhWV1AFZr6tp5bm3ym69MLHR3CfPQti for [109, 97, 49], has no job and no object
2024-02-12 22:26:51 [Peer ID: 12D3KooWF8V5ZGSCyWmgamaMAoqsrJjFzTS5d5nDQtV4P7zQ6395 | Jobs: 0]: Forwarding the request for [109, 97, 49] (Requester 12D3KooWSrYwD8ue7rncGYhWV1AFZr6tp5bm3ym69MLHR3CfPQti) to next peer 12D3KooWKjaoDG1LFZj2yPGHgEmyoGjJZ5GuCcAtrHyB2yfK5k8L
2024-02-12 22:26:51 [Peer ID: 12D3KooWF8V5ZGSCyWmgamaMAoqsrJjFzTS5d5nDQtV4P7zQ6395 | Jobs: 0]: Get a Request Response Event ResponseSent { peer: PeerId("12D3KooWKjaoDG1LFZj2yPGHgEmyoGjJZ5GuCcAtrHyB2yfK5k8L"), request_id: InboundRequestId(2) }
2024-02-12 22:26:51 [Peer ID: 12D3KooWMy9HNvNiYCdqvimm5TZXYCKuRf1vTjCANsYTqwntGf6o | Jobs: 1]: Received a Ownership Send PeerId("12D3KooWF8V5ZGSCyWmgamaMAoqsrJjFzTS5d5nDQtV4P7zQ6395") for key [109, 97, 49]
2024-02-12 22:26:51 [Peer ID: 12D3KooWMy9HNvNiYCdqvimm5TZXYCKuRf1vTjCANsYTqwntGf6o | Jobs: 1]: Received an OwnershipSend from 12D3KooWF8V5ZGSCyWmgamaMAoqsrJjFzTS5d5nDQtV4P7zQ6395 for key [109, 97, 49]
2024-02-12 22:26:51 [Peer ID: 12D3KooWMy9HNvNiYCdqvimm5TZXYCKuRf1vTjCANsYTqwntGf6o | Jobs: 1]: OnwershipSend received from 12D3KooWF8V5ZGSCyWmgamaMAoqsrJjFzTS5d5nDQtV4P7zQ6395 for key [109, 97, 49]: I'm currently owner
2024-02-12 22:26:51 [Peer ID: 12D3KooWMy9HNvNiYCdqvimm5TZXYCKuRf1vTjCANsYTqwntGf6o | Jobs: 1]: OnwershipSend received while having a job for key [109, 97, 49]: Current job info State: Waiting. Requester /ip4/127.0.0.1/tcp/4001/p2p/12D3KooWCHtivNtQrjo9joMLfJJSXdLXbN8YYPn2eqYKBXJjx22k. Last Peer 12D3KooWCHtivNtQrjo9joMLfJJSXdLXbN8YYPn2eqYKBXJjx22k
2024-02-12 22:26:51 [Peer ID: 12D3KooWMy9HNvNiYCdqvimm5TZXYCKuRf1vTjCANsYTqwntGf6o | Jobs: 1]: Get a Request Response Event ResponseSent { peer: PeerId("12D3KooWF8V5ZGSCyWmgamaMAoqsrJjFzTS5d5nDQtV4P7zQ6395"), request_id: InboundRequestId(2) }
2024-02-12 22:26:51 [Peer ID: 12D3KooWCHtivNtQrjo9joMLfJJSXdLXbN8YYPn2eqYKBXJjx22k | Jobs: 1]: Reponse Ok with ID 1
2024-02-12 22:26:51 [Peer ID: 12D3KooWF8V5ZGSCyWmgamaMAoqsrJjFzTS5d5nDQtV4P7zQ6395 | Jobs: 0]: Reponse Ok with ID 1
2024-02-12 22:26:51 [Peer ID: 12D3KooWKjaoDG1LFZj2yPGHgEmyoGjJZ5GuCcAtrHyB2yfK5k8L | Jobs: 0]: Reponse Ok with ID 1
2024-02-12 22:26:51 [Peer ID: 12D3KooWMy9HNvNiYCdqvimm5TZXYCKuRf1vTjCANsYTqwntGf6o | Jobs: 1]: Received an object request from 12D3KooWF8V5ZGSCyWmgamaMAoqsrJjFzTS5d5nDQtV4P7zQ6395 by 12D3KooWSrYwD8ue7rncGYhWV1AFZr6tp5bm3ym69MLHR3CfPQti for [109, 97, 49]: Currently have a job State: Finished. Requester /ip4/127.0.0.1/tcp/4001/p2p/12D3KooWCHtivNtQrjo9joMLfJJSXdLXbN8YYPn2eqYKBXJjx22k. Last Peer 12D3KooWCHtivNtQrjo9joMLfJJSXdLXbN8YYPn2eqYKBXJjx22k
2024-02-12 22:26:51 [Peer ID: 12D3KooWMy9HNvNiYCdqvimm5TZXYCKuRf1vTjCANsYTqwntGf6o | Jobs: 1]: Forwarding the request for [109, 97, 49] (Requester 12D3KooWSrYwD8ue7rncGYhWV1AFZr6tp5bm3ym69MLHR3CfPQti) to next peer 12D3KooWF8V5ZGSCyWmgamaMAoqsrJjFzTS5d5nDQtV4P7zQ6395
2024-02-12 22:26:51 [Peer ID: 12D3KooWMy9HNvNiYCdqvimm5TZXYCKuRf1vTjCANsYTqwntGf6o | Jobs: 1]: Get a Request Response Event ResponseSent { peer: PeerId("12D3KooWF8V5ZGSCyWmgamaMAoqsrJjFzTS5d5nDQtV4P7zQ6395"), request_id: InboundRequestId(3) }
2024-02-12 22:26:52 [Peer ID: 12D3KooWF8V5ZGSCyWmgamaMAoqsrJjFzTS5d5nDQtV4P7zQ6395 | Jobs: 0]: Reponse Ok with ID 2
2024-02-12 22:26:52 [Peer ID: 12D3KooWCHtivNtQrjo9joMLfJJSXdLXbN8YYPn2eqYKBXJjx22k | Jobs: 1]: Received an object request from 12D3KooWMy9HNvNiYCdqvimm5TZXYCKuRf1vTjCANsYTqwntGf6o by 12D3KooWSrYwD8ue7rncGYhWV1AFZr6tp5bm3ym69MLHR3CfPQti for [109, 97, 49]: Currently have a job State: Waiting. No Request Info
2024-02-12 22:26:52 [Peer ID: 12D3KooWCHtivNtQrjo9joMLfJJSXdLXbN8YYPn2eqYKBXJjx22k | Jobs: 1]: Get a Request Response Event ResponseSent { peer: PeerId("12D3KooWMy9HNvNiYCdqvimm5TZXYCKuRf1vTjCANsYTqwntGf6o"), request_id: InboundRequestId(1) }
2024-02-12 22:26:52 [Peer ID: 12D3KooWMy9HNvNiYCdqvimm5TZXYCKuRf1vTjCANsYTqwntGf6o | Jobs: 1]: Reponse Ok with ID 2
Server started at http://localhost:8000
<class 'str'>
<class 'str'>
<class 'str'>
<class 'str'>
Node 4000 | 3000
Node 4001 | 3001
Node 4002 | 3002
Node 4003 | 3003
Node 4004 | 3004
Node 4005 | 3005
Node 4006 | 3006
Node 4007 | 3007
Node 4008 | 3008
Node 4009 | 3009
Node 4010 | 3010
Node 4011 | 3011
Node 4012 | 3012
Node 4013 | 3013
[{'port': 4000, 'rpc_port': 3000, 'bootstrap': True}, {'port': 4001, 'rpc_port': 3001, 'bootstrap': True}, {'port': 4002, 'rpc_port': 3002, 'bootstrap': True}, {'port': 4003, 'rpc_port': 3003, 'bootstrap': True}, {'port': 4004, 'rpc_port': 3004, 'bootstrap': False}, {'port': 4005, 'rpc_port': 3005, 'bootstrap': False}, {'port': 4006, 'rpc_port': 3006, 'bootstrap': False}, {'port': 4007, 'rpc_port': 3007, 'bootstrap': False}, {'port': 4008, 'rpc_port': 3008, 'bootstrap': False}, {'port': 4009, 'rpc_port': 3009, 'bootstrap': False}, {'port': 4010, 'rpc_port': 3010, 'bootstrap': False}, {'port': 4011, 'rpc_port': 3011, 'bootstrap': False}, {'port': 4012, 'rpc_port': 3012, 'bootstrap': False}, {'port': 4013, 'rpc_port': 3013, 'bootstrap': False}]
